Log file open, 12/20/16 14:29:19
LogInit:Display: Running engine for game: Official_Map
LogPlatformFile: Not using cached read wrapper
LogInit:Display: RandInit(-26938424) SRandInit(-26938424).
LogTaskGraph: Started task graph with 5 named threads and 8 total threads with 1 sets of task threads.
LogStats: Stats thread started at 0.069442
LogPluginManager: Loaded Plugin Paper2D, From C:/Program Files (x86)/Epic Games/4.13/Engine/Plugins/2D/Paper2D/Paper2D.uplugin
LogPluginManager: Loaded Plugin LightPropagationVolume, From C:/Program Files (x86)/Epic Games/4.13/Engine/Plugins/Blendables/LightPropagationVolume/LightPropagationVolume.uplugin
LogPluginManager: Loaded Plugin BlankPlugin, From C:/Program Files (x86)/Epic Games/4.13/Engine/Plugins/Developer/BlankPlugin/BlankPlugin.uplugin
LogPluginManager: Loaded Plugin CodeLiteSourceCodeAccess, From C:/Program Files (x86)/Epic Games/4.13/Engine/Plugins/Developer/CodeLiteSourceCodeAccess/CodeLiteSourceCodeAccess.uplugin
LogPluginManager: Loaded Plugin GitSourceControl, From C:/Program Files (x86)/Epic Games/4.13/Engine/Plugins/Developer/GitSourceControl/GitSourceControl.uplugin
LogPluginManager: Loaded Plugin KDevelopSourceCodeAccess, From C:/Program Files (x86)/Epic Games/4.13/Engine/Plugins/Developer/KDevelopSourceCodeAccess/KDevelopSourceCodeAccess.uplugin
LogPluginManager: Loaded Plugin NullSourceCodeAccess, From C:/Program Files (x86)/Epic Games/4.13/Engine/Plugins/Developer/NullSourceCodeAccess/NullSourceCodeAccess.uplugin
LogPluginManager: Loaded Plugin OneSkyLocalizationService, From C:/Program Files (x86)/Epic Games/4.13/Engine/Plugins/Developer/OneSkyLocalizationService/OneSkyLocalizationService.uplugin
LogPluginManager: Loaded Plugin PerforceSourceControl, From C:/Program Files (x86)/Epic Games/4.13/Engine/Plugins/Developer/PerforceSourceControl/PerforceSourceControl.uplugin
LogPluginManager: Loaded Plugin SubversionSourceControl, From C:/Program Files (x86)/Epic Games/4.13/Engine/Plugins/Developer/SubversionSourceControl/SubversionSourceControl.uplugin
LogPluginManager: Loaded Plugin UObjectPlugin, From C:/Program Files (x86)/Epic Games/4.13/Engine/Plugins/Developer/UObjectPlugin/UObjectPlugin.uplugin
LogPluginManager: Loaded Plugin VisualStudioSourceCodeAccess, From C:/Program Files (x86)/Epic Games/4.13/Engine/Plugins/Developer/VisualStudioSourceCodeAccess/VisualStudioSourceCodeAccess.uplugin
LogPluginManager: Loaded Plugin XCodeSourceCodeAccess, From C:/Program Files (x86)/Epic Games/4.13/Engine/Plugins/Developer/XCodeSourceCodeAccess/XCodeSourceCodeAccess.uplugin
LogPluginManager: Loaded Plugin EpicSurvey, From C:/Program Files (x86)/Epic Games/4.13/Engine/Plugins/Editor/EpicSurvey/EpicSurvey.uplugin
LogPluginManager: Loaded Plugin MacGraphicsSwitching, From C:/Program Files (x86)/Epic Games/4.13/Engine/Plugins/Editor/MacGraphicsSwitching/MacGraphicsSwitching.uplugin
LogPluginManager: Loaded Plugin MobileLauncherProfileWizard, From C:/Program Files (x86)/Epic Games/4.13/Engine/Plugins/Editor/MobileLauncherProfileWizard/MobileLauncherProfileWizard.uplugin
LogPluginManager: Loaded Plugin PluginBrowser, From C:/Program Files (x86)/Epic Games/4.13/Engine/Plugins/Editor/PluginBrowser/PluginBrowser.uplugin
LogPluginManager: Loaded Plugin SpeedTreeImporter, From C:/Program Files (x86)/Epic Games/4.13/Engine/Plugins/Editor/SpeedTreeImporter/SpeedTreeImporter.uplugin
LogPluginManager: Loaded Plugin SuperSearchEditor, From C:/Program Files (x86)/Epic Games/4.13/Engine/Plugins/Editor/SuperSearchEditor/SuperSearchEditor.uplugin
LogPluginManager: Loaded Plugin AlembicImporter, From C:/Program Files (x86)/Epic Games/4.13/Engine/Plugins/Experimental/AlembicImporter/AlembicImporter.uplugin
LogPluginManager: Loaded Plugin BlueprintStats, From C:/Program Files (x86)/Epic Games/4.13/Engine/Plugins/Experimental/BlueprintStats/BlueprintStats.uplugin
LogPluginManager: Loaded Plugin CharacterAI, From C:/Program Files (x86)/Epic Games/4.13/Engine/Plugins/Experimental/CharacterAI/CharacterAI.uplugin
LogPluginManager: Loaded Plugin CodeEditor, From C:/Program Files (x86)/Epic Games/4.13/Engine/Plugins/Experimental/CodeEditor/CodeEditor.uplugin
LogPluginManager: Loaded Plugin CodeView, From C:/Program Files (x86)/Epic Games/4.13/Engine/Plugins/Experimental/CodeView/CodeView.uplugin
LogPluginManager: Loaded Plugin HTML5Networking, From C:/Program Files (x86)/Epic Games/4.13/Engine/Plugins/Experimental/HTML5Networking/HTML5Networking.uplugin
LogPluginManager: Loaded Plugin LiveEditor, From C:/Program Files (x86)/Epic Games/4.13/Engine/Plugins/Experimental/LiveEditor/LiveEditor.uplugin
LogPluginManager: Loaded Plugin OSVR, From C:/Program Files (x86)/Epic Games/4.13/Engine/Plugins/Experimental/OSVR/OSVR.uplugin
LogPluginManager: Loaded Plugin Phya, From C:/Program Files (x86)/Epic Games/4.13/Engine/Plugins/Experimental/Phya/Phya.uplugin
LogPluginManager: Loaded Plugin SignificanceManager, From C:/Program Files (x86)/Epic Games/4.13/Engine/Plugins/Experimental/SignificanceManager/SignificanceManager.uplugin
LogPluginManager: Loaded Plugin SimpleHMD, From C:/Program Files (x86)/Epic Games/4.13/Engine/Plugins/Experimental/SimpleHMD/SimpleHMD.uplugin
LogPluginManager: Loaded Plugin StereoPanorama, From C:/Program Files (x86)/Epic Games/4.13/Engine/Plugins/Experimental/StereoPanorama/StereoPanorama.uplugin
LogPluginManager: Loaded Plugin StructBox, From C:/Program Files (x86)/Epic Games/4.13/Engine/Plugins/Experimental/StructBox/StructBox.uplugin
LogPluginManager: Loaded Plugin MapSync, From C:/Program Files (x86)/Epic Games/4.13/Engine/Plugins/Marketplace/MapSync/MapSync.uplugin
LogPluginManager: Loaded Plugin AndroidMedia, From C:/Program Files (x86)/Epic Games/4.13/Engine/Plugins/Media/AndroidMedia/AndroidMedia.uplugin
LogPluginManager: Loaded Plugin AvfMedia, From C:/Program Files (x86)/Epic Games/4.13/Engine/Plugins/Media/AvfMedia/AvfMedia.uplugin
LogPluginManager: Loaded Plugin MediaPlayerEditor, From C:/Program Files (x86)/Epic Games/4.13/Engine/Plugins/Media/MediaPlayerEditor/MediaPlayerEditor.uplugin
LogPluginManager: Loaded Plugin WmfMedia, From C:/Program Files (x86)/Epic Games/4.13/Engine/Plugins/Media/WmfMedia/WmfMedia.uplugin
LogPluginManager: Loaded Plugin MessagingDebugger, From C:/Program Files (x86)/Epic Games/4.13/Engine/Plugins/Messaging/MessagingDebugger/MessagingDebugger.uplugin
LogPluginManager: Loaded Plugin TcpMessaging, From C:/Program Files (x86)/Epic Games/4.13/Engine/Plugins/Messaging/TcpMessaging/TcpMessaging.uplugin
LogPluginManager: Loaded Plugin UdpMessaging, From C:/Program Files (x86)/Epic Games/4.13/Engine/Plugins/Messaging/UdpMessaging/UdpMessaging.uplugin
LogPluginManager: Loaded Plugin LevelSequenceEditor, From C:/Program Files (x86)/Epic Games/4.13/Engine/Plugins/MovieScene/LevelSequenceEditor/LevelSequenceEditor.uplugin
LogPluginManager: Loaded Plugin MatineeToLevelSequence, From C:/Program Files (x86)/Epic Games/4.13/Engine/Plugins/MovieScene/MatineeToLevelSequence/MatineeToLevelSequence.uplugin
LogPluginManager: Loaded Plugin NetcodeUnitTest, From C:/Program Files (x86)/Epic Games/4.13/Engine/Plugins/NetcodeUnitTest/NetcodeUnitTest/NetcodeUnitTest.uplugin
LogPluginManager: Loaded Plugin NUTUnrealEngine4, From C:/Program Files (x86)/Epic Games/4.13/Engine/Plugins/NetcodeUnitTest/NUTUnrealEngine4/NUTUnrealEngine4.uplugin
LogPluginManager: Loaded Plugin OnlineSubsystemGooglePlay, From C:/Program Files (x86)/Epic Games/4.13/Engine/Plugins/Online/Android/OnlineSubsystemGooglePlay/OnlineSubsystemGooglePlay.uplugin
LogPluginManager: Loaded Plugin OnlineSubsystemIOS, From C:/Program Files (x86)/Epic Games/4.13/Engine/Plugins/Online/IOS/OnlineSubsystemIOS/OnlineSubsystemIOS.uplugin
LogPluginManager: Loaded Plugin OnlineFramework, From C:/Program Files (x86)/Epic Games/4.13/Engine/Plugins/Online/OnlineFramework/OnlineFramework.uplugin
LogPluginManager: Loaded Plugin OnlineSubsystem, From C:/Program Files (x86)/Epic Games/4.13/Engine/Plugins/Online/OnlineSubsystem/OnlineSubsystem.uplugin
LogPluginManager: Loaded Plugin OnlineSubsystemAmazon, From C:/Program Files (x86)/Epic Games/4.13/Engine/Plugins/Online/OnlineSubsystemAmazon/OnlineSubsystemAmazon.uplugin
LogPluginManager: Loaded Plugin OnlineSubsystemFacebook, From C:/Program Files (x86)/Epic Games/4.13/Engine/Plugins/Online/OnlineSubsystemFacebook/OnlineSubsystemFacebook.uplugin
LogPluginManager: Loaded Plugin OnlineSubsystemNull, From C:/Program Files (x86)/Epic Games/4.13/Engine/Plugins/Online/OnlineSubsystemNull/OnlineSubsystemNull.uplugin
LogPluginManager: Loaded Plugin OnlineSubsystemOculus, From C:/Program Files (x86)/Epic Games/4.13/Engine/Plugins/Online/OnlineSubsystemOculus/OnlineSubsystemOculus.uplugin
LogPluginManager: Loaded Plugin OnlineSubsystemSteam, From C:/Program Files (x86)/Epic Games/4.13/Engine/Plugins/Online/OnlineSubsystemSteam/OnlineSubsystemSteam.uplugin
LogPluginManager: Loaded Plugin OnlineSubsystemUtils, From C:/Program Files (x86)/Epic Games/4.13/Engine/Plugins/Online/OnlineSubsystemUtils/OnlineSubsystemUtils.uplugin
LogPluginManager: Loaded Plugin IOSTapJoy, From C:/Program Files (x86)/Epic Games/4.13/Engine/Plugins/Runtime/Advertising/IOSTapJoy/IOSTapJoy.uplugin
LogPluginManager: Loaded Plugin AnalyticsBlueprintLibrary, From C:/Program Files (x86)/Epic Games/4.13/Engine/Plugins/Runtime/Analytics/AnalyticsBlueprintLibrary/AnalyticsBlueprintLibrary.uplugin
LogPluginManager: Loaded Plugin AnalyticsMulticast, From C:/Program Files (x86)/Epic Games/4.13/Engine/Plugins/Runtime/Analytics/AnalyticsMulticast/AnalyticsMulticast.uplugin
LogPluginManager: Loaded Plugin Apsalar, From C:/Program Files (x86)/Epic Games/4.13/Engine/Plugins/Runtime/Analytics/Apsalar/Apsalar.uplugin
LogPluginManager: Loaded Plugin FileLogging, From C:/Program Files (x86)/Epic Games/4.13/Engine/Plugins/Runtime/Analytics/FileLogging/FileLogging.uplugin
LogPluginManager: Loaded Plugin Flurry, From C:/Program Files (x86)/Epic Games/4.13/Engine/Plugins/Runtime/Analytics/Flurry/Flurry.uplugin
LogPluginManager: Loaded Plugin AndroidDeviceProfileSelector, From C:/Program Files (x86)/Epic Games/4.13/Engine/Plugins/Runtime/AndroidDeviceProfileSelector/AndroidDeviceProfileSelector.uplugin
LogPluginManager: Loaded Plugin AndroidMoviePlayer, From C:/Program Files (x86)/Epic Games/4.13/Engine/Plugins/Runtime/AndroidMoviePlayer/AndroidMoviePlayer.uplugin
LogPluginManager: Loaded Plugin AppleMoviePlayer, From C:/Program Files (x86)/Epic Games/4.13/Engine/Plugins/Runtime/AppleMoviePlayer/AppleMoviePlayer.uplugin
LogPluginManager: Loaded Plugin ArchVisCharacter, From C:/Program Files (x86)/Epic Games/4.13/Engine/Plugins/Runtime/ArchVisCharacter/ArchVisCharacter.uplugin
LogPluginManager: Loaded Plugin CableComponent, From C:/Program Files (x86)/Epic Games/4.13/Engine/Plugins/Runtime/CableComponent/CableComponent.uplugin
LogPluginManager: Loaded Plugin CustomMeshComponent, From C:/Program Files (x86)/Epic Games/4.13/Engine/Plugins/Runtime/CustomMeshComponent/CustomMeshComponent.uplugin
LogPluginManager: Loaded Plugin ExampleDeviceProfileSelector, From C:/Program Files (x86)/Epic Games/4.13/Engine/Plugins/Runtime/ExampleDeviceProfileSelector/ExampleDeviceProfileSelector.uplugin
LogPluginManager: Loaded Plugin GearVR, From C:/Program Files (x86)/Epic Games/4.13/Engine/Plugins/Runtime/GearVR/GearVR.uplugin
LogPluginManager: Loaded Plugin GoogleVRController, From C:/Program Files (x86)/Epic Games/4.13/Engine/Plugins/Runtime/GoogleVR/GoogleVRController/GoogleVRController.uplugin
LogPluginManager: Loaded Plugin GoogleVRHMD, From C:/Program Files (x86)/Epic Games/4.13/Engine/Plugins/Runtime/GoogleVR/GoogleVRHMD/GoogleVRHMD.uplugin
LogPluginManager: Loaded Plugin IOSDeviceProfileSelector, From C:/Program Files (x86)/Epic Games/4.13/Engine/Plugins/Runtime/IOSDeviceProfileSelector/IOSDeviceProfileSelector.uplugin
LogPluginManager: Loaded Plugin LeapMotion, From C:/Program Files (x86)/Epic Games/4.13/Engine/Plugins/Runtime/LeapMotion/LeapMotion.uplugin
LogPluginManager: Loaded Plugin LinuxDeviceProfileSelector, From C:/Program Files (x86)/Epic Games/4.13/Engine/Plugins/Runtime/LinuxDeviceProfileSelector/LinuxDeviceProfileSelector.uplugin
LogPluginManager: Loaded Plugin LiveEditorListenServer, From C:/Program Files (x86)/Epic Games/4.13/Engine/Plugins/Runtime/LiveEditorListenServer/LiveEditorListenServer.uplugin
LogPluginManager: Loaded Plugin OculusAudio, From C:/Program Files (x86)/Epic Games/4.13/Engine/Plugins/Runtime/OculusAudio/OculusAudio.uplugin
LogPluginManager: Loaded Plugin OculusInput, From C:/Program Files (x86)/Epic Games/4.13/Engine/Plugins/Runtime/OculusInput/OculusInput.uplugin
LogPluginManager: Loaded Plugin OculusLibrary, From C:/Program Files (x86)/Epic Games/4.13/Engine/Plugins/Runtime/OculusLibrary/OculusLibrary.uplugin
LogPluginManager: Loaded Plugin OculusRift, From C:/Program Files (x86)/Epic Games/4.13/Engine/Plugins/Runtime/OculusRift/OculusRift.uplugin
LogPluginManager: Loaded Plugin Oodle, From C:/Program Files (x86)/Epic Games/4.13/Engine/Plugins/Runtime/PacketHandlers/CompressionComponents/Oodle/Oodle.uplugin
LogPluginManager: Loaded Plugin ProceduralMeshComponent, From C:/Program Files (x86)/Epic Games/4.13/Engine/Plugins/Runtime/ProceduralMeshComponent/ProceduralMeshComponent.uplugin
LogPluginManager: Loaded Plugin SoundMod, From C:/Program Files (x86)/Epic Games/4.13/Engine/Plugins/Runtime/SoundMod/SoundMod.uplugin
LogPluginManager: Loaded Plugin SoundVisualizations, From C:/Program Files (x86)/Epic Games/4.13/Engine/Plugins/Runtime/SoundVisualizations/SoundVisualizations.uplugin
LogPluginManager: Loaded Plugin SteamController, From C:/Program Files (x86)/Epic Games/4.13/Engine/Plugins/Runtime/Steam/SteamController/SteamController.uplugin
LogPluginManager: Loaded Plugin SteamVR, From C:/Program Files (x86)/Epic Games/4.13/Engine/Plugins/Runtime/Steam/SteamVR/SteamVR.uplugin
LogPluginManager: Loaded Plugin WebBrowserWidget, From C:/Program Files (x86)/Epic Games/4.13/Engine/Plugins/Runtime/WebBrowserWidget/WebBrowserWidget.uplugin
LogPluginManager: Loaded Plugin WindowsDeviceProfileSelector, From C:/Program Files (x86)/Epic Games/4.13/Engine/Plugins/Runtime/WindowsDeviceProfileSelector/WindowsDeviceProfileSelector.uplugin
LogPluginManager: Loaded Plugin WindowsMoviePlayer, From C:/Program Files (x86)/Epic Games/4.13/Engine/Plugins/Runtime/WindowsMoviePlayer/WindowsMoviePlayer.uplugin
LogPluginManager: Loaded Plugin ScriptPlugin, From C:/Program Files (x86)/Epic Games/4.13/Engine/Plugins/ScriptPlugin/ScriptPlugin.uplugin
LogPluginManager: Loaded Plugin SlateRemote, From C:/Program Files (x86)/Epic Games/4.13/Engine/Plugins/Slate/SlateRemote/SlateRemote.uplugin
LogInit: Using libcurl 7.47.1
LogInit:  - built for x86_64-pc-win32
LogInit:  - supports SSL with WinSSL
LogInit:  - other features:
LogInit:      CURL_VERSION_SSL
LogInit:      CURL_VERSION_IPV6
LogInit:      CURL_VERSION_ASYNCHDNS
LogInit:      CURL_VERSION_LARGEFILE
LogInit:      CURL_VERSION_IDN
LogInit:  CurlRequestOptions (configurable via config and command line):
LogInit:  - bVerifyPeer = false  - Libcurl will NOT verify peer certificate
LogInit:  - bUseHttpProxy = false  - Libcurl will NOT use HTTP proxy
LogInit:  - bDontReuseConnections = false  - Libcurl will reuse connections
LogInit:  - CertBundlePath = nullptr  - Libcurl will use whatever was configured at build time.
LogInit: Build: ++UE4+Release-4.13-CL-3172292
LogInit: Engine Version: 4.13.2-3172292+++UE4+Release-4.13
LogInit: Compatible Engine Version: 4.13.0-3106830+++UE4+Release-4.13
LogInit: Net CL: 3172292
LogDevObjectVersion: Number of dev versions registered: 13
LogDevObjectVersion:   Dev-Blueprints (B0D832E4-1F89-4F0D-ACCF-7EB736FD4AA2): 5
LogDevObjectVersion:   Dev-Build (E1C64328-A22C-4D53-A36C-8E866417BD8C): 0
LogDevObjectVersion:   Dev-Core (375EC13C-06E4-48FB-B500-84F0262A717E): 1
LogDevObjectVersion:   Dev-Editor (E4B068ED-F494-42E9-A231-DA0B2E46BB41): 6
LogDevObjectVersion:   Dev-Framework (CFFC743F-43B0-4480-9391-14DF171D2073): 12
LogDevObjectVersion:   Dev-Mobile (B02B49B5-BB20-44E9-A304-32B752E40360): 0
LogDevObjectVersion:   Dev-Networking (A4E4105C-59A1-49B5-A7C5-40C4547EDFEE): 0
LogDevObjectVersion:   Dev-Online (39C831C9-5AE6-47DC-9A44-9C173E1C8E7C): 0
LogDevObjectVersion:   Dev-Physics (78F01B33-EBEA-4F98-B9B4-84EACCB95AA2): 0
LogDevObjectVersion:   Dev-Platform (6631380F-2D4D-43E0-8009-CF276956A95A): 0
LogDevObjectVersion:   Dev-Rendering (12F88B9F-8875-4AFC-A67C-D90C383ABD29): 4
LogDevObjectVersion:   Dev-Sequencer (7B5AE74C-D270-4C10-A958-57980B212A5A): 0
LogDevObjectVersion:   Dev-VR (D7296918-1DD6-4BDD-9DE2-64A83CC13884): 0
LogInit: Compiled (64-bit): Oct 24 2016 14:29:06
LogInit: Compiled with Visual C++: 19.00.23026.00
LogInit: Build Configuration: Development
LogInit: Branch Name: ++UE4+Release-4.13
LogInit: Command line:  
LogInit: Base directory: C:/Program Files (x86)/Epic Games/4.13/Engine/Binaries/Win64/
LogInit: Installed Engine Build: 1
LogInit: Presizing for max 8388607 objects, including 0 objects not considered by GC, pre-allocating 0 bytes for permanent pool.
LogInit: Object subsystem initialized
[2016.12.20-20.29.19:853][  0]LogInit: Selected Device Profile: [Windows]
[2016.12.20-20.29.19:853][  0]LogInit: Applying CVar settings loaded from the selected device profile: [Windows]
[2016.12.20-20.29.19:867][  0]LogInit: Computer: NV5725-HSL129
[2016.12.20-20.29.19:867][  0]LogInit: User: 19olsonh
[2016.12.20-20.29.19:867][  0]LogInit: CPU Page size=65536, Cores=4
[2016.12.20-20.29.19:867][  0]LogInit: High frequency timer resolution =3.215439 MHz
[2016.12.20-20.29.19:867][  0]LogMemory: Memory total: Physical=7.9GB (8GB approx)
[2016.12.20-20.29.19:867][  0]LogMemory: Platform Memory Stats for Windows
[2016.12.20-20.29.19:867][  0]LogMemory: Process Physical Memory: 255.20 MB used, 255.20 MB peak
[2016.12.20-20.29.19:867][  0]LogMemory: Process Virtual Memory: 260.50 MB used, 260.50 MB peak
[2016.12.20-20.29.19:867][  0]LogMemory: Physical Memory: 4430.81 MB used, 8098.36 MB total
[2016.12.20-20.29.19:867][  0]LogMemory: Virtual Memory: 590.49 MB used, 8388608.00 MB total
[2016.12.20-20.29.19:904][  0]LogTextLocalizationManager: No specific translations for ('en-US') exist, so ('en') translations will be used.
[2016.12.20-20.29.20:525][  0]LogD3D11RHI: D3D11 adapters:
[2016.12.20-20.29.20:532][  0]LogD3D11RHI:    0. 'Intel(R) HD Graphics 4600' (Feature Level 11_0)
[2016.12.20-20.29.20:532][  0]LogD3D11RHI:       64/0/1632 MB DedicatedVideo/DedicatedSystem/SharedSystem, Outputs:1, VendorId:0x8086
[2016.12.20-20.29.20:532][  0]LogD3D11RHI: Chosen D3D11 Adapter: 0
[2016.12.20-20.29.20:536][  0]LogD3D11RHI: Creating new Direct3DDevice
[2016.12.20-20.29.20:536][  0]LogD3D11RHI:     GPU DeviceId: 0x412 (for the marketing name, search the web for "GPU Device Id")
[2016.12.20-20.29.20:536][  0]LogWindows: EnumDisplayDevices:
[2016.12.20-20.29.20:536][  0]LogWindows:    0. 'Intel(R) HD Graphics 4600' (P:1 D:1)
[2016.12.20-20.29.20:537][  0]LogWindows:    1. 'Intel(R) HD Graphics 4600' (P:0 D:0)
[2016.12.20-20.29.20:537][  0]LogWindows:    2. 'Intel(R) HD Graphics 4600' (P:0 D:0)
[2016.12.20-20.29.20:537][  0]LogWindows:    3. 'RDPDD Chained DD' (P:0 D:0)
[2016.12.20-20.29.20:537][  0]LogWindows:    4. 'RDP Encoder Mirror Driver' (P:0 D:0)
[2016.12.20-20.29.20:537][  0]LogWindows:    5. 'RDP Reflector Display Driver' (P:0 D:0)
[2016.12.20-20.29.20:537][  0]LogWindows: DebugString: GetVideoDriverDetailsInvalid PrimaryIsNotTheChoosenAdapter GetVideoDriverDetailsInvalid PrimaryIsNotTheChoosenAdapter GetVideoDriverDetailsInvalid PrimaryIsNotTheChoosenAdapter FoundDriverCount:3 
[2016.12.20-20.29.20:537][  0]LogD3D11RHI:     Adapter Name: Intel(R) HD Graphics 4600
[2016.12.20-20.29.20:537][  0]LogD3D11RHI:   Driver Version: 9.18.10.3204 (internal:9.18.10.3204, unified:9.18.10.3204)
[2016.12.20-20.29.20:537][  0]LogD3D11RHI:      Driver Date: 6-3-2013
[2016.12.20-20.29.20:537][  0]LogRHI: Texture pool is 616 MB (70% of 880 MB)
[2016.12.20-20.29.20:543][  0]LogD3D11RHI: Async texture creation enabled
[2016.12.20-20.29.20:548][  0]LogD3D11RHI: GPU Timing Frequency: 12.500000 (Debug: 2 0)
[2016.12.20-20.29.20:548][  0]LogShaderCompilers: Guid format shader working directory is -4 characters bigger than the processId version (../../../../../../Users/19olsonh/Desktop/Official_Map/Intermediate/Shaders/WorkingDirectory/8968/).
[2016.12.20-20.29.20:548][  0]LogShaderCompilers: Cleaned the shader compiler working directory 'C:/Users/19olsonh/AppData/Local/Temp/UnrealShaderWorkingDir/3EAFF01C44A65D19E87E0DACCC232413/'.
[2016.12.20-20.29.20:548][  0]LogShaderCompilers:Display: Using Local Shader Compiler.
[2016.12.20-20.29.22:039][  0]LogTemp:Display: Loaded TP AllDesktopTargetPlatform
[2016.12.20-20.29.22:048][  0]LogTemp:Display: Loaded TP WindowsClientTargetPlatform
[2016.12.20-20.29.22:057][  0]LogTemp:Display: Loaded TP WindowsNoEditorTargetPlatform
[2016.12.20-20.29.22:064][  0]LogTemp:Display: Loaded TP WindowsServerTargetPlatform
[2016.12.20-20.29.22:073][  0]LogTemp:Display: Loaded TP WindowsTargetPlatform
[2016.12.20-20.29.22:080][  0]LogTemp:Display: Loaded TP AndroidTargetPlatform
[2016.12.20-20.29.22:087][  0]LogTemp:Display: Loaded TP Android_ASTCTargetPlatform
[2016.12.20-20.29.22:094][  0]LogTemp:Display: Loaded TP Android_ATCTargetPlatform
[2016.12.20-20.29.22:101][  0]LogTemp:Display: Loaded TP Android_DXTTargetPlatform
[2016.12.20-20.29.22:109][  0]LogTemp:Display: Loaded TP Android_ETC1TargetPlatform
[2016.12.20-20.29.22:116][  0]LogTemp:Display: Loaded TP Android_ETC2TargetPlatform
[2016.12.20-20.29.22:131][  0]LogTemp:Display: Loaded TP Android_MultiTargetPlatform
[2016.12.20-20.29.22:131][  0]LogTemp:Display: Loaded TP Android_PVRTCTargetPlatform
[2016.12.20-20.29.22:132][  0]LogTemp:Display: Loaded TP HTML5TargetPlatform
[2016.12.20-20.29.22:152][  0]LogTemp:Display: Loaded TP IOSTargetPlatform
[2016.12.20-20.29.22:159][  0]LogTemp:Display: Loaded TP TVOSTargetPlatform
[2016.12.20-20.29.22:165][  0]LogTemp:Display: Loaded TP LinuxClientTargetPlatform
[2016.12.20-20.29.22:174][  0]LogTemp:Display: Loaded TP LinuxNoEditorTargetPlatform
[2016.12.20-20.29.22:181][  0]LogTemp:Display: Loaded TP LinuxServerTargetPlatform
[2016.12.20-20.29.22:189][  0]LogTemp:Display: Loaded TP LinuxTargetPlatform
[2016.12.20-20.29.22:189][  0]LogTargetPlatformManager:Display: Building Assets For Windows
[2016.12.20-20.29.22:252][  0]LogDerivedDataCache:Display: Max Cache Size: 512 MB
[2016.12.20-20.29.22:363][  0]LogDerivedDataCache: Loaded boot cache 0.11s 62MB C:/Users/19olsonh/AppData/Local/UnrealEngine/4.13/DerivedDataCache/Boot.ddc.
[2016.12.20-20.29.22:363][  0]LogDerivedDataCache:Display: Loaded Boot cache: C:/Users/19olsonh/AppData/Local/UnrealEngine/4.13/DerivedDataCache/Boot.ddc
[2016.12.20-20.29.22:364][  0]LogDerivedDataCache: FDerivedDataBackendGraph:  Pak pak cache file ../../../../../../Users/19olsonh/Desktop/Official_Map/DerivedDataCache/DDC.ddp not found, will not use a pak cache.
[2016.12.20-20.29.22:364][  0]LogDerivedDataCache: Unable to find inner node Pak for hierarchical cache Hierarchy.
[2016.12.20-20.29.22:364][  0]LogDerivedDataCache: FDerivedDataBackendGraph:  CompressedPak pak cache file ../../../../../../Users/19olsonh/Desktop/Official_Map/DerivedDataCache/Compressed.ddp not found, will not use a pak cache.
[2016.12.20-20.29.22:364][  0]LogDerivedDataCache: Unable to find inner node CompressedPak for hierarchical cache Hierarchy.
[2016.12.20-20.29.22:381][  0]LogDerivedDataCache:Display: Pak cache opened for reading ../../../Engine/DerivedDataCache/Compressed.ddp.
[2016.12.20-20.29.22:393][  0]LogDerivedDataCache: Using Local data cache path C:/Users/19olsonh/AppData/Local/UnrealEngine/Common/DerivedDataCache: Writable
[2016.12.20-20.29.22:621][  0]LogInit: Selected Device Profile: [Windows]
[2016.12.20-20.29.22:622][  0]LogMaterial: Uniform references updated for custom material expression Custom.
[2016.12.20-20.29.22:625][  0]LogContentStreaming: Texture pool size is 0.00 MB
[2016.12.20-20.29.22:769][  0]LogMeshUtilities: No automatic mesh reduction module available
[2016.12.20-20.29.22:769][  0]LogMeshUtilities: No automatic mesh merging module available
[2016.12.20-20.29.22:769][  0]LogMeshUtilities: No distributed automatic mesh merging module available
[2016.12.20-20.29.23:566][  0]LogNetVersion: GetLocalNetworkVersion: CL: 3106830, ProjectName: official_map, ProjectVersion: , EngineNetworkVersion: 1, GameNetworkVersion: 0, NetworkChecksum: 3174735109
[2016.12.20-20.29.23:601][  0]LogAssetRegistry: FAssetRegistry took 0.0197 seconds to start up
[2016.12.20-20.29.23:632][  0]LogPackageLocalizationCache: Processed 3 localized package path(s) for 2 prioritized culture(s) in 0.027306 seconds
[2016.12.20-20.29.23:642][  0]LogUObjectArray: 29778 objects as part of root set at end of initial load.
[2016.12.20-20.29.23:642][  0]LogUObjectAllocator: 6125456 out of 0 bytes used by permanent object pool.
[2016.12.20-20.29.23:642][  0]LogUObjectArray: CloseDisregardForGC: 0/0 objects in disregard for GC pool
[2016.12.20-20.29.23:647][  0]LogInit: WinSock: version 1.1 (2.2), MaxSocks=32767, MaxUdp=65467
[2016.12.20-20.29.23:839][  0]LogSlate: SlateFontCache - WITH_FREETYPE: 1, WITH_HARFBUZZ: 1
[2016.12.20-20.29.23:839][  0]LogSlate: SlateFontCache - WITH_FREETYPE: 1, WITH_HARFBUZZ: 1
[2016.12.20-20.29.24:598][  0]LogTcpMessaging: Initializing TcpMessaging bridge
[2016.12.20-20.29.24:614][  0]LogUdpMessaging: Initializing bridge on interface 0.0.0.0:0 to multicast group 230.0.0.1:6666.
[2016.12.20-20.29.24:865][  0]SourceControl: Info Source control is disabled
[2016.12.20-20.29.24:908][  0]SourceControl: Info Source control is disabled
[2016.12.20-20.29.24:913][  0]SourceControl: Info Source control is disabled
[2016.12.20-20.29.24:917][  0]SourceControl: Info Source control is disabled
[2016.12.20-20.29.25:075][  0]LogMapSync:Error: StartupModule StartupModule StartupModule StartupModule
[2016.12.20-20.29.25:199][  0]LogEngine: Initializing Engine...
[2016.12.20-20.29.25:200][  0]LogHMD: Failed to initialize OpenVR with code 110
[2016.12.20-20.29.25:332][  0]LogAIModule: Creating AISystem for world Untitled
[2016.12.20-20.29.25:340][  0]LogInit: XAudio2 using 'Speakers (Realtek High Definition Audio)' : 2 channels at 48 kHz using 32 bits per sample (channel mask 0x3)
[2016.12.20-20.29.25:373][  0]LogInit: FAudioDevice initialized.
[2016.12.20-20.29.25:419][  0]LogDerivedDataCache: Saved boot cache 0.05s 62MB C:/Users/19olsonh/AppData/Local/UnrealEngine/4.13/DerivedDataCache/Boot.ddc.
[2016.12.20-20.29.25:430][  0]LogInit: Texture streaming: Enabled
[2016.12.20-20.29.25:451][  0]LogInit: Transaction tracking system initialized
[2016.12.20-20.29.25:467][  0]BlueprintLog: New page: Editor Load
[2016.12.20-20.29.25:563][  0]LocalizationService: Info Localization service is disabled
[2016.12.20-20.29.25:630][  0]LogConsoleResponse:Display: 
[2016.12.20-20.29.25:731][  0]LogCook:Display: Max memory allowance for cook 16384mb min free memory 0mb
[2016.12.20-20.29.25:731][  0]LogCook:Display: Mobile HDR setting 1
[2016.12.20-20.29.25:842][  0]LogFileCache: Scanning file cache for directory 'C:/Users/19olsonh/Desktop/Official_Map/Content/' took 0.02s
[2016.12.20-20.29.25:842][  0]SourceControl: Info Source control is disabled
[2016.12.20-20.29.25:842][  0]Cmd: MAP LOAD FILE="../../../../../../Users/19olsonh/Desktop/Official_Map/Content/FirstPersonBP/Maps/FirstPersonExampleMap.umap" TEMPLATE=0 SHOWPROGRESS=1 FEATURELEVEL=3
[2016.12.20-20.29.25:842][  0]LightingResults: New page: Lighting Build
[2016.12.20-20.29.25:844][  0]MapCheck: New page: Map Check
[2016.12.20-20.29.25:844][  0]LightingResults: New page: Lighting Build
[2016.12.20-20.29.26:571][  0]LogAIModule: Creating AISystem for world FirstPersonExampleMap
[2016.12.20-20.29.26:983][  0]LogEditorServer: Finished looking for orphan Actors (0.000 secs)
[2016.12.20-20.29.26:984][  0]Cmd: MAP CHECKDEP NOCLEARLOG
[2016.12.20-20.29.27:018][  0]MapCheck: Info Map check complete: 0 Error(s), 0 Warning(s), took 33.777ms to complete.
[2016.12.20-20.29.27:018][  0]LogFileHelpers: Loading map 'FirstPersonExampleMap' took 1.176
[2016.12.20-20.29.27:137][  0]LogCollectionManager: Loaded 0 collections in 0.001224 seconds
[2016.12.20-20.29.27:180][  0]LogFileCache: Scanning file cache for directory 'C:/Users/19olsonh/Desktop/Official_Map/Saved/Collections/' took 0.01s
[2016.12.20-20.29.27:180][  0]LogFileCache: Scanning file cache for directory 'C:/Users/19olsonh/Desktop/Official_Map/Content/Developers/19olsonh/Collections/' took 0.01s
[2016.12.20-20.29.27:180][  0]LogFileCache: Scanning file cache for directory 'C:/Users/19olsonh/Desktop/Official_Map/Content/Collections/' took 0.01s
[2016.12.20-20.29.27:180][  0]LogCollectionManager: Rebuilt the GUID cache for 0 collections in 0.000006 seconds
[2016.12.20-20.29.27:198][  0]LogContentBrowser: Native class hierarchy populated in 0.0175 seconds. Added 2142 classes and 418 folders.
[2016.12.20-20.29.27:204][  0]LogStats: UGameplayTagsManager::ConstructGameplayTagTree: Construct from data asset -  0.000 s
[2016.12.20-20.29.27:204][  0]LogStats: UGameplayTagsManager::ConstructGameplayTagTree: GameplayTagTreeChangedEvent.Broadcast -  0.000 s
[2016.12.20-20.29.27:204][  0]LogContentBrowser: Native class hierarchy updated for 'GameplayTags' in 0.0004 seconds. Added 12 classes and 0 folders.
[2016.12.20-20.29.27:208][  0]LogContentBrowser: Native class hierarchy updated for 'WidgetCarousel' in 0.0005 seconds. Added 0 classes and 0 folders.
[2016.12.20-20.29.27:248][  0]LogContentBrowser: Native class hierarchy updated for 'AddContentDialog' in 0.0004 seconds. Added 0 classes and 0 folders.
[2016.12.20-20.29.27:252][  0]LogContentBrowser: Native class hierarchy updated for 'SceneOutliner' in 0.0004 seconds. Added 1 classes and 2 folders.
[2016.12.20-20.29.27:264][  0]LogCrashTracker: Crashtracker disabled due to settings.
[2016.12.20-20.29.27:267][  0]LogUObjectGlobals:Warning: Failed to find object 'Class None.'
[2016.12.20-20.29.27:294][  0]LogContentBrowser: Native class hierarchy updated for 'HierarchicalLODOutliner' in 0.0005 seconds. Added 1 classes and 2 folders.
[2016.12.20-20.29.27:294][  0]LogLoad: (Engine Initialization) Total time: 8.60 seconds
[2016.12.20-20.29.27:294][  0]LogLoad: (Engine Initialization) Total Blueprint compile time: 0.17 seconds
[2016.12.20-20.29.27:294][  0]LogExternalProfiler: No external profilers were discovered.  External profiling features will not be available.
[2016.12.20-20.29.27:303][  0]LogOcInput: OculusInput pre-init called
[2016.12.20-20.29.27:322][  0]LogContentStreaming: Texture pool size now 1000 MB
[2016.12.20-20.29.27:465][  0]LogRenderer: Reallocating scene render targets to support 904x456 (Frame:2).
[2016.12.20-20.29.28:633][  1]LogAssetRegistry: Asset discovery search completed in 5.0521 seconds
[2016.12.20-20.29.28:633][  1]LogCollectionManager: Rebuilt the object cache for 0 collections in 0.000000 seconds (found 0 objects)
[2016.12.20-20.29.28:633][  1]LogCollectionManager: Fixed up redirectors for 0 collections in 0.000020 seconds (updated 0 objects)
[2016.12.20-20.29.33:247][149]LogMapSync:Error: UniqueID: 5C7C0C5E7E00E647
[2016.12.20-20.29.37:212][188]LogCrashTracker: 


[2016.12.20-20.29.37:212][188]LogCrashTracker: 


[2016.12.20-20.29.37:212][188]LogWindows:Error: === Critical error: ===
[2016.12.20-20.29.37:212][188]LogWindows:Error: 
[2016.12.20-20.29.37:212][188]LogWindows:Error: Fatal error!
[2016.12.20-20.29.37:212][188]LogWindows:Error: 
[2016.12.20-20.29.37:212][188]LogWindows:Error: Unhandled Exception: EXCEPTION_ACCESS_VIOLATION reading address 0xffffffff
[2016.12.20-20.29.37:212][188]LogWindows:Error: 
[2016.12.20-20.29.37:212][188]LogWindows:Error: UE4Editor-MapSync.dll
[2016.12.20-20.29.37:212][188]LogWindows:Error: UE4Editor-MapSync.dll
[2016.12.20-20.29.37:212][188]LogWindows:Error: UE4Editor-MapSync.dll
[2016.12.20-20.29.37:212][188]LogWindows:Error: UE4Editor-MapSync.dll
[2016.12.20-20.29.37:212][188]LogWindows:Error: UE4Editor-MapSync.dll
[2016.12.20-20.29.37:212][188]LogWindows:Error: UE4Editor-MapSync.dll
[2016.12.20-20.29.37:212][188]LogWindows:Error: UE4Editor-Slate.dll
[2016.12.20-20.29.37:212][188]LogWindows:Error: UE4Editor-Slate.dll
[2016.12.20-20.29.37:212][188]LogWindows:Error: UE4Editor-Slate.dll
[2016.12.20-20.29.37:212][188]LogWindows:Error: UE4Editor-Slate.dll
[2016.12.20-20.29.37:212][188]LogWindows:Error: UE4Editor-Slate.dll
[2016.12.20-20.29.37:212][188]LogWindows:Error: UE4Editor-Slate.dll
[2016.12.20-20.29.37:212][188]LogWindows:Error: UE4Editor-Slate.dll
[2016.12.20-20.29.37:212][188]LogWindows:Error: UE4Editor-Core.dll
[2016.12.20-20.29.37:212][188]LogWindows:Error: UE4Editor-Core.dll
[2016.12.20-20.29.37:212][188]LogWindows:Error: UE4Editor-Core.dll
[2016.12.20-20.29.37:212][188]LogWindows:Error: UE4Editor-Core.dll
[2016.12.20-20.29.37:212][188]LogWindows:Error: USER32.dll
[2016.12.20-20.29.37:212][188]LogWindows:Error: USER32.dll
[2016.12.20-20.29.37:212][188]LogWindows:Error: UE4Editor-Core.dll
[2016.12.20-20.29.37:212][188]LogWindows:Error: UE4Editor.exe
[2016.12.20-20.29.37:212][188]LogWindows:Error: UE4Editor.exe
[2016.12.20-20.29.37:212][188]LogWindows:Error: UE4Editor.exe
[2016.12.20-20.29.37:212][188]LogWindows:Error: UE4Editor.exe
[2016.12.20-20.29.37:212][188]LogWindows:Error: UE4Editor.exe
[2016.12.20-20.29.37:212][188]LogWindows:Error: kernel32.dll
[2016.12.20-20.29.37:212][188]LogWindows:Error: ntdll.dll
[2016.12.20-20.29.37:212][188]LogWindows:Error: ntdll.dll
[2016.12.20-20.29.37:212][188]LogWindows:Error: 
[2016.12.20-20.29.37:231][188]LogExit: Executing StaticShutdownAfterError
[2016.12.20-20.29.37:249][188]LogWindows: FPlatformMisc::RequestExit(1)
[2016.12.20-20.29.37:250][188]Log file closed, 12/20/16 14:29:37
